[0719/141912.867:ERROR:process_info.cc(359)] UncheckedAllocate
[1010/165937.239:ERROR:settings.cc(430)] Settings version is not 5
[1010/170937.279:ERROR:filesystem_win.cc(129)] GetFileAttributes C:\Users\Tejal Narkhede\AppData\Local\Microsoft\Edge\User Data\Crashpad\attachments\0827604a-cd34-41c8-8200-88eec608491d: The system cannot find the path specified. (0x3)
[1010/170937.279:ERROR:filesystem_win.cc(129)] GetFileAttributes C:\Users\Tejal Narkhede\AppData\Local\Microsoft\Edge\User Data\Crashpad\attachments\09c5af02-4002-46fb-8769-6f009bbd8c88: The system cannot find the path specified. (0x3)
[1010/170937.279:ERROR:filesystem_win.cc(129)] GetFileAttributes C:\Users\Tejal Narkhede\AppData\Local\Microsoft\Edge\User Data\Crashpad\attachments\0e0f939f-a925-4604-8b63-5d797a8a5a5d: The system cannot find the path specified. (0x3)
[1010/170937.325:ERROR:filesystem_win.cc(129)] GetFileAttributes C:\Users\Tejal Narkhede\AppData\Local\Microsoft\Edge\User Data\Crashpad\attachments\21fa1287-c3d4-47f8-958c-ed331be7f831: The system cannot find the path specified. (0x3)
[1010/170937.341:ERROR:filesystem_win.cc(129)] GetFileAttributes C:\Users\Tejal Narkhede\AppData\Local\Microsoft\Edge\User Data\Crashpad\attachments\24148d13-c2ef-4d58-ad65-1f3e10641c90: The system cannot find the path specified. (0x3)
[1010/170937.357:ERROR:filesystem_win.cc(129)] GetFileAttributes C:\Users\Tejal Narkhede\AppData\Local\Microsoft\Edge\User Data\Crashpad\attachments\2a109e4f-d5b7-4fd3-823a-e304e0d45a44: The system cannot find the path specified. (0x3)
[1010/170937.403:ERROR:filesystem_win.cc(129)] GetFileAttributes C:\Users\Tejal Narkhede\AppData\Local\Microsoft\Edge\User Data\Crashpad\attachments\3e47d7d7-319f-42f9-aef8-a330add1cfed: The system cannot find the path specified. (0x3)
[1010/170937.419:ERROR:filesystem_win.cc(129)] GetFileAttributes C:\Users\Tejal Narkhede\AppData\Local\Microsoft\Edge\User Data\Crashpad\attachments\4038a757-bb74-48b3-82a1-ed1afd8d6b58: The system cannot find the path specified. (0x3)
[1010/170937.419:ERROR:filesystem_win.cc(129)] GetFileAttributes C:\Users\Tejal Narkhede\AppData\Local\Microsoft\Edge\User Data\Crashpad\attachments\4a43feff-caaa-4db8-97cd-c8f4966df5af: The system cannot find the path specified. (0x3)
[1010/170937.450:ERROR:filesystem_win.cc(129)] GetFileAttributes C:\Users\Tejal Narkhede\AppData\Local\Microsoft\Edge\User Data\Crashpad\attachments\4c7225b9-8ef4-412a-8148-70b5a2d48754: The system cannot find the path specified. (0x3)
[1010/170937.450:ERROR:filesystem_win.cc(129)] GetFileAttributes C:\Users\Tejal Narkhede\AppData\Local\Microsoft\Edge\User Data\Crashpad\attachments\4e3dd9e8-c6f9-4f34-8860-a4c5b444e6f6: The system cannot find the path specified. (0x3)
[1010/170937.466:ERROR:filesystem_win.cc(129)] GetFileAttributes C:\Users\Tejal Narkhede\AppData\Local\Microsoft\Edge\User Data\Crashpad\attachments\55b62987-425a-4779-92aa-3997a1d072d7: The system cannot find the path specified. (0x3)
[1010/170937.481:ERROR:filesystem_win.cc(129)] GetFileAttributes C:\Users\Tejal Narkhede\AppData\Local\Microsoft\Edge\User Data\Crashpad\attachments\56b47d51-7669-4060-a7b4-6a36e4d8c204: The system cannot find the path specified. (0x3)
[1010/170937.497:ERROR:filesystem_win.cc(129)] GetFileAttributes C:\Users\Tejal Narkhede\AppData\Local\Microsoft\Edge\User Data\Crashpad\attachments\57aea5d0-985d-4cfa-b3d0-55e32d7099b8: The system cannot find the path specified. (0x3)
[1010/170937.513:ERROR:filesystem_win.cc(129)] GetFileAttributes C:\Users\Tejal Narkhede\AppData\Local\Microsoft\Edge\User Data\Crashpad\attachments\5a018239-23fa-4b78-a4c0-1bae9bc80182: The system cannot find the path specified. (0x3)
[1010/170937.513:ERROR:filesystem_win.cc(129)] GetFileAttributes C:\Users\Tejal Narkhede\AppData\Local\Microsoft\Edge\User Data\Crashpad\attachments\6e3b2b8e-63df-4104-a104-a0aa6f899497: The system cannot find the path specified. (0x3)
[1010/170937.544:ERROR:filesystem_win.cc(129)] GetFileAttributes C:\Users\Tejal Narkhede\AppData\Local\Microsoft\Edge\User Data\Crashpad\attachments\79d7de9a-af45-4a4d-b4e4-7d8eeabbfa0f: The system cannot find the path specified. (0x3)
[1010/170937.544:ERROR:filesystem_win.cc(129)] GetFileAttributes C:\Users\Tejal Narkhede\AppData\Local\Microsoft\Edge\User Data\Crashpad\attachments\7b76eb52-cd36-46f0-bf03-5b5fdb8bc61b: The system cannot find the path specified. (0x3)
[1010/170937.575:ERROR:filesystem_win.cc(129)] GetFileAttributes C:\Users\Tejal Narkhede\AppData\Local\Microsoft\Edge\User Data\Crashpad\attachments\9002efa9-5956-4abc-b2cd-8c3820a77f30: The system cannot find the path specified. (0x3)
[1010/170937.575:ERROR:filesystem_win.cc(129)] GetFileAttributes C:\Users\Tejal Narkhede\AppData\Local\Microsoft\Edge\User Data\Crashpad\attachments\90acbaa5-e1d3-403c-8e85-b1678fed589d: The system cannot find the path specified. (0x3)
[1010/170937.575:ERROR:filesystem_win.cc(129)] GetFileAttributes C:\Users\Tejal Narkhede\AppData\Local\Microsoft\Edge\User Data\Crashpad\attachments\9f5b789a-0c4b-42d7-85c3-10a5680d76a7: The system cannot find the path specified. (0x3)
[1010/170937.575:ERROR:filesystem_win.cc(129)] GetFileAttributes C:\Users\Tejal Narkhede\AppData\Local\Microsoft\Edge\User Data\Crashpad\attachments\a2891df2-678b-484e-9008-e84f022307f6: The system cannot find the path specified. (0x3)
[1010/170937.591:ERROR:filesystem_win.cc(129)] GetFileAttributes C:\Users\Tejal Narkhede\AppData\Local\Microsoft\Edge\User Data\Crashpad\attachments\a3aaa91f-5233-4d57-9b4d-15870d799800: The system cannot find the path specified. (0x3)
[1010/170937.622:ERROR:filesystem_win.cc(129)] GetFileAttributes C:\Users\Tejal Narkhede\AppData\Local\Microsoft\Edge\User Data\Crashpad\attachments\b162068f-c4ee-4730-acbc-5e98b83d8340: The system cannot find the path specified. (0x3)
[1010/170937.622:ERROR:filesystem_win.cc(129)] GetFileAttributes C:\Users\Tejal Narkhede\AppData\Local\Microsoft\Edge\User Data\Crashpad\attachments\b303cd03-e563-4d59-a989-a33e65c272d8: The system cannot find the path specified. (0x3)
[1010/170937.622:ERROR:filesystem_win.cc(129)] GetFileAttributes C:\Users\Tejal Narkhede\AppData\Local\Microsoft\Edge\User Data\Crashpad\attachments\d2002dc5-b226-4ad2-bbe9-8efadb3c516e: The system cannot find the path specified. (0x3)
[1010/170937.654:ERROR:filesystem_win.cc(129)] GetFileAttributes C:\Users\Tejal Narkhede\AppData\Local\Microsoft\Edge\User Data\Crashpad\attachments\d46e2959-92b6-4268-8433-ca57455b5b5e: The system cannot find the path specified. (0x3)
[1010/170937.669:ERROR:filesystem_win.cc(129)] GetFileAttributes C:\Users\Tejal Narkhede\AppData\Local\Microsoft\Edge\User Data\Crashpad\attachments\d7db18ed-fd9b-4a2f-93c2-af98740eb3bc: The system cannot find the path specified. (0x3)
[1010/170937.669:ERROR:filesystem_win.cc(129)] GetFileAttributes C:\Users\Tejal Narkhede\AppData\Local\Microsoft\Edge\User Data\Crashpad\attachments\d88dc779-0c87-492f-a217-4cfbb3bd1b6b: The system cannot find the path specified. (0x3)
[1010/170937.685:ERROR:filesystem_win.cc(129)] GetFileAttributes C:\Users\Tejal Narkhede\AppData\Local\Microsoft\Edge\User Data\Crashpad\attachments\db825c06-7a60-4276-96b9-81623f79a3fd: The system cannot find the path specified. (0x3)
[1010/170937.685:ERROR:filesystem_win.cc(129)] GetFileAttributes C:\Users\Tejal Narkhede\AppData\Local\Microsoft\Edge\User Data\Crashpad\attachments\e285e09e-c1fc-41ab-9c98-334a1b04d976: The system cannot find the path specified. (0x3)
[1010/170937.685:ERROR:filesystem_win.cc(129)] GetFileAttributes C:\Users\Tejal Narkhede\AppData\Local\Microsoft\Edge\User Data\Crashpad\attachments\e46fd984-cce8-45dd-b385-bacc58c39b5d: The system cannot find the path specified. (0x3)
[1010/170937.700:ERROR:filesystem_win.cc(129)] GetFileAttributes C:\Users\Tejal Narkhede\AppData\Local\Microsoft\Edge\User Data\Crashpad\attachments\e86bcba2-e139-4607-a5c3-65eb0dae5be9: The system cannot find the path specified. (0x3)
[1010/170937.700:ERROR:filesystem_win.cc(129)] GetFileAttributes C:\Users\Tejal Narkhede\AppData\Local\Microsoft\Edge\User Data\Crashpad\attachments\f8c76fe4-dec7-465f-9e12-6e9910d8953d: The system cannot find the path specified. (0x3)
[1010/170937.700:ERROR:filesystem_win.cc(129)] GetFileAttributes C:\Users\Tejal Narkhede\AppData\Local\Microsoft\Edge\User Data\Crashpad\attachments\fe2145a6-dade-4397-abb3-e3f530d51bca: The system cannot find the path specified. (0x3)
[1010/170937.700:ERROR:directory_reader_win.cc(43)] FindFirstFile: The system cannot find the path specified. (0x3)
[1010/170937.716:ERROR:filesystem_win.cc(129)] GetFileAttributes C:\Users\Tejal Narkhede\AppData\Local\Microsoft\Edge\User Data\Crashpad\attachments\1dac84c9-c2b9-4e67-95fd-653be399de08: The system cannot find the path specified. (0x3)
[1010/170937.731:ERROR:filesystem_win.cc(129)] GetFileAttributes C:\Users\Tejal Narkhede\AppData\Local\Microsoft\Edge\User Data\Crashpad\attachments\08433416-8d48-4163-8c8e-51a676193a8f: The system cannot find the path specified. (0x3)
[1010/170937.731:ERROR:filesystem_win.cc(129)] GetFileAttributes C:\Users\Tejal Narkhede\AppData\Local\Microsoft\Edge\User Data\Crashpad\attachments\f66065b7-ab2e-4f2d-9e40-23ce460fd862: The system cannot find the path specified. (0x3)
[1010/170937.731:ERROR:filesystem_win.cc(129)] GetFileAttributes C:\Users\Tejal Narkhede\AppData\Local\Microsoft\Edge\User Data\Crashpad\attachments\6ea3dfcf-acbe-472f-a322-29bec73ca054: The system cannot find the path specified. (0x3)
[1010/174513.268:ERROR:filesystem_win.cc(129)] GetFileAttributes C:\Users\Tejal Narkhede\AppData\Local\Microsoft\Edge\User Data\Crashpad\attachments\48b843a0-5279-4630-bb94-c18c43f035e0: The system cannot find the path specified. (0x3)
[1010/174610.591:ERROR:filesystem_win.cc(129)] GetFileAttributes C:\Users\Tejal Narkhede\AppData\Local\Microsoft\Edge\User Data\Crashpad\attachments\842f437f-4163-4ec6-8752-09c673a9a04e: The system cannot find the path specified. (0x3)
[1010/174610.717:ERROR:minidumpwritedump_with_crashpad_info.cc(452)] Failed to call MiniDumpWriteDump: The paging file is too small for this operation to complete. (0x800705AF)
[1010/174610.731:ERROR:minidumpwritedump_with_crashpad_info.cc(661)] Failed to write minidump file
[1010/174610.731:ERROR:crash_report_exception_handler.cc(134)] TryMiniDumpWriteDumpWithCrashpadInfo failed
[1010/174610.736:ERROR:process_info.cc(359)] UncheckedAllocate
[1017/150240.272:ERROR:directory_reader_win.cc(43)] FindFirstFile: The system cannot find the path specified. (0x3)
[1018/221339.841:ERROR:directory_reader_win.cc(43)] FindFirstFile: The system cannot find the path specified. (0x3)
[1018/222806.009:ERROR:directory_reader_win.cc(43)] FindFirstFile: The system cannot find the path specified. (0x3)
[1022/213335.869:ERROR:directory_reader_win.cc(43)] FindFirstFile: The system cannot find the path specified. (0x3)
